Copyright 1986-2022 Xilinx, Inc. All Rights Reserved.
----------------------------------------------------------------------------------------------------------------------------------------------------------------------
| Tool Version     : Vivado v.2022.2 (win64) Build 3671981 Fri Oct 14 05:00:03 MDT 2022
| Date             : Mon Jan 23 17:23:58 2023
| Host             : Aera running 64-bit major release  (build 9200)
| Command          : report_power -file design_1_wrapper_power_routed.rpt -pb design_1_wrapper_power_summary_routed.pb -rpx design_1_wrapper_power_routed.rpx
| Design           : design_1_wrapper
| Device           : xczu28dr-ffvg1517-2-e
| Design State     : routed
| Grade            : extended
| Process          : typical
| Characterization : Production
----------------------------------------------------------------------------------------------------------------------------------------------------------------------

Power Report

Table of Contents
-----------------
1. Summary
1.1 On-Chip Components
1.2 Power Supply Summary
1.3 Confidence Level
2. Settings
2.1 Environment
2.2 Clock Constraints
3. Detailed Reports
3.1 By Hierarchy

1. Summary
----------

+--------------------------+--------------+
| Total On-Chip Power (W)  | 6.871        |
| Design Power Budget (W)  | Unspecified* |
| Power Budget Margin (W)  | NA           |
| Dynamic (W)              | 5.645        |
| Device Static (W)        | 1.226        |
| Effective TJA (C/W)      | 0.8          |
| Max Ambient (C)          | 94.2         |
| Junction Temperature (C) | 30.8         |
| Confidence Level         | Medium       |
| Setting File             | ---          |
| Simulation Activity File | ---          |
| Design Nets Matched      | NA           |
+--------------------------+--------------+
* Specify Design Power Budget using, set_operating_conditions -design_power_budget <value in Watts>


1.1 On-Chip Components
----------------------

+--------------------------+-----------+----------+-----------+-----------------+
| On-Chip                  | Power (W) | Used     | Available | Utilization (%) |
+--------------------------+-----------+----------+-----------+-----------------+
| Clocks                   |     0.048 |       20 |       --- |             --- |
| CLB Logic                |     0.012 |    23363 |       --- |             --- |
|   LUT as Logic           |     0.008 |     8708 |    425280 |            2.05 |
|   LUT as Shift Register  |     0.002 |      498 |    213600 |            0.23 |
|   Register               |    <0.001 |    10385 |    850560 |            1.22 |
|   CARRY8                 |    <0.001 |       97 |     53160 |            0.18 |
|   LUT as Distributed RAM |    <0.001 |       64 |    213600 |            0.03 |
|   Others                 |     0.000 |     1048 |       --- |             --- |
|   F7/F8 Muxes            |     0.000 |      185 |    425280 |            0.04 |
| Signals                  |     0.019 |    18022 |       --- |             --- |
| Block RAM                |     0.011 |        8 |      1080 |            0.74 |
| RFAMS                    |     3.252 |        6 |       --- |             --- |
|   RFADC                  |     2.810 |        4 |         4 |          100.00 |
|   RFDAC                  |     0.443 |        2 |         4 |           50.00 |
| I/O                      |     0.003 |        2 |       347 |            0.58 |
| PS8                      |     2.299 |        1 |       --- |             --- |
| Static Power             |     1.226 |          |           |                 |
|   PS Static              |     0.100 |          |           |                 |
|   PL Static              |     1.126 |          |           |                 |
| Total                    |     6.871 |          |           |                 |
+--------------------------+-----------+----------+-----------+-----------------+


1.2 Power Supply Summary
------------------------

+-----------------+-------------+-----------+-------------+------------+-------------+-------------+------------+
| Source          | Voltage (V) | Total (A) | Dynamic (A) | Static (A) | Powerup (A) | Budget (A)  | Margin (A) |
+-----------------+-------------+-----------+-------------+------------+-------------+-------------+------------+
| Vccint          |       0.850 |     0.440 |       0.104 |      0.336 |       NA    | Unspecified | NA         |
| Vccint_io       |       0.850 |     0.072 |       0.000 |      0.072 |       NA    | Unspecified | NA         |
| Vccbram         |       0.850 |     0.007 |       0.002 |      0.005 |       NA    | Unspecified | NA         |
| Vccaux          |       1.800 |     0.278 |       0.000 |      0.278 |       NA    | Unspecified | NA         |
| Vccaux_io       |       1.800 |     0.059 |       0.001 |      0.058 |       NA    | Unspecified | NA         |
| Vcco33          |       3.300 |     0.000 |       0.000 |      0.000 |       NA    | Unspecified | NA         |
| Vcco25          |       2.500 |     0.000 |       0.000 |      0.000 |       NA    | Unspecified | NA         |
| Vcco18          |       1.800 |     0.000 |       0.000 |      0.000 |       NA    | Unspecified | NA         |
| Vcco15          |       1.500 |     0.000 |       0.000 |      0.000 |       NA    | Unspecified | NA         |
| Vcco135         |       1.350 |     0.000 |       0.000 |      0.000 |       NA    | Unspecified | NA         |
| Vcco12          |       1.200 |     0.000 |       0.000 |      0.000 |       NA    | Unspecified | NA         |
| Vcco10          |       1.000 |     0.000 |       0.000 |      0.000 |       NA    | Unspecified | NA         |
| Vccadc          |       1.800 |     0.008 |       0.000 |      0.008 |       NA    | Unspecified | NA         |
| VCC_PSINTFP     |       0.850 |     0.630 |       0.595 |      0.036 |       NA    | Unspecified | NA         |
| VCC_PSINTLP     |       0.850 |     0.249 |       0.242 |      0.008 |       NA    | Unspecified | NA         |
| VPS_MGTRAVCC    |       0.850 |     0.139 |       0.138 |      0.001 |       NA    | Unspecified | NA         |
| VCC_PSINTFP_DDR |       0.850 |     0.730 |       0.726 |      0.005 |       NA    | Unspecified | NA         |
| VCC_PSPLL       |       1.200 |     0.071 |       0.069 |      0.002 |       NA    | Unspecified | NA         |
| VPS_MGTRAVTT    |       1.800 |     0.034 |       0.033 |      0.001 |       NA    | Unspecified | NA         |
| VCCO_PSDDR_504  |       1.200 |     0.626 |       0.592 |      0.034 |       NA    | Unspecified | NA         |
| VCC_PSAUX       |       1.800 |     0.002 |       0.000 |      0.002 |       NA    | Unspecified | NA         |
| VCC_PSBATT      |       1.200 |     0.000 |       0.000 |      0.000 |       NA    | Unspecified | NA         |
| VCC_PSDDR_PLL   |       1.800 |     0.001 |       0.000 |      0.001 |       NA    | Unspecified | NA         |
| VCCO_PSIO0_500  |       1.800 |     0.001 |       0.000 |      0.001 |       NA    | Unspecified | NA         |
| VCCO_PSIO1_501  |       1.800 |     0.001 |       0.000 |      0.001 |       NA    | Unspecified | NA         |
| VCCO_PSIO2_502  |       1.800 |     0.001 |       0.000 |      0.001 |       NA    | Unspecified | NA         |
| VCCO_PSIO3_503  |       3.300 |     0.001 |       0.000 |      0.001 |       NA    | Unspecified | NA         |
| VCC_PSADC       |       1.800 |     0.002 |       0.000 |      0.002 |       NA    | Unspecified | NA         |
| VCCINT_AMS      |       0.850 |     0.011 |       0.000 |      0.011 |       NA    | Unspecified | NA         |
| DACAVCC         |       0.925 |     0.139 |       0.131 |      0.008 |       NA    | Unspecified | NA         |
| DACAVCCAUX      |       1.800 |     0.040 |       0.040 |      0.000 |       NA    | Unspecified | NA         |
| DACAVTT         |       2.500 |     0.105 |       0.100 |      0.005 |       NA    | Unspecified | NA         |
| ADCAVCC         |       0.925 |     0.863 |       0.851 |      0.013 |       NA    | Unspecified | NA         |
| ADCAVCCAUX      |       1.800 |     1.172 |       1.124 |      0.049 |       NA    | Unspecified | NA         |
| VCCSDFEC        |       0.850 |     0.033 |       0.000 |      0.033 |       NA    | Unspecified | NA         |
| MGTYAVcc        |       0.900 |     0.000 |       0.000 |      0.000 |       NA    | Unspecified | NA         |
| MGTYAVtt        |       1.200 |     0.000 |       0.000 |      0.000 |       NA    | Unspecified | NA         |
| MGTYVccaux      |       1.800 |     0.000 |       0.000 |      0.000 |       NA    | Unspecified | NA         |
+-----------------+-------------+-----------+-------------+------------+-------------+-------------+------------+


1.3 Confidence Level
--------------------

+-----------------------------+------------+------------------------------------------------+------------------------------------------------------------------------------------------------------------+
| User Input Data             | Confidence | Details                                        | Action                                                                                                     |
+-----------------------------+------------+------------------------------------------------+------------------------------------------------------------------------------------------------------------+
| Design implementation state | High       | Design is routed                               |                                                                                                            |
| Clock nodes activity        | High       | User specified more than 95% of clocks         |                                                                                                            |
| I/O nodes activity          | High       | User specified more than 95% of inputs         |                                                                                                            |
| Internal nodes activity     | Medium     | User specified less than 25% of internal nodes | Provide missing internal nodes activity with simulation results or by editing the "By Resource Type" views |
| Device models               | High       | Device models are Production                   |                                                                                                            |
|                             |            |                                                |                                                                                                            |
| Overall confidence level    | Medium     |                                                |                                                                                                            |
+-----------------------------+------------+------------------------------------------------+------------------------------------------------------------------------------------------------------------+


2. Settings
-----------

2.1 Environment
---------------

+-----------------------+--------------------------+
| Ambient Temp (C)      | 25.0                     |
| ThetaJA (C/W)         | 0.8                      |
| Airflow (LFM)         | 250                      |
| Heat Sink             | medium (Medium Profile)  |
| ThetaSA (C/W)         | 1.2                      |
| Board Selection       | medium (10"x10")         |
| # of Board Layers     | 12to15 (12 to 15 Layers) |
| Board Temperature (C) | 25.0                     |
+-----------------------+--------------------------+


2.2 Clock Constraints
---------------------

+-----------------------------------------------------------------------------------------------------+--------------------------------------------------------------------------------------------------+-----------------+
| Clock                                                                                               | Domain                                                                                           | Constraint (ns) |
+-----------------------------------------------------------------------------------------------------+--------------------------------------------------------------------------------------------------+-----------------+
| CLK_IN_D_0_clk_p                                                                                    | CLK_IN_D_0_clk_p                                                                                 |            10.0 |
| RFDAC1_CLK                                                                                          | design_1_i/usp_rf_data_converter_0/inst/design_1_usp_rf_data_converter_0_0_rf_wrapper_i/clk_dac1 |             5.4 |
| clk                                                                                                 | design_1_i/util_ds_buf_1/U0/BUFGCE_O[0]                                                          |            60.0 |
| clk_pl_0                                                                                            | design_1_i/zynq_ultra_ps_e_0/U0/pl_clk_unbuffered[0]                                             |            10.0 |
| dbg_hub/inst/BSCANID.u_xsdbm_id/SWITCH_N_EXT_BSCAN.bscan_inst/SERIES7_BSCAN.bscan_inst/INTERNAL_TCK | dbg_hub/inst/BSCANID.u_xsdbm_id/SWITCH_N_EXT_BSCAN.bscan_inst/DRCK                               |            50.0 |
+-----------------------------------------------------------------------------------------------------+--------------------------------------------------------------------------------------------------+-----------------+


3. Detailed Reports
-------------------

3.1 By Hierarchy
----------------

+-----------------------------+-----------+
| Name                        | Power (W) |
+-----------------------------+-----------+
| design_1_wrapper            |     5.645 |
|   dbg_hub                   |     0.001 |
|     inst                    |     0.001 |
|       BSCANID.u_xsdbm_id    |     0.001 |
|   design_1_i                |     5.644 |
|     axi_gpio_0              |     0.001 |
|       U0                    |     0.001 |
|     dds_compiler_0          |     0.010 |
|       U0                    |     0.010 |
|     ps8_0_axi_periph        |     0.018 |
|       s00_couplers          |     0.005 |
|       s01_couplers          |     0.010 |
|       xbar                  |     0.003 |
|     system_ila_0            |     0.028 |
|       U0                    |     0.028 |
|     usp_rf_data_converter_0 |     3.281 |
|       inst                  |     3.281 |
|     util_ds_buf_0           |     0.003 |
|       U0                    |     0.003 |
|     zynq_ultra_ps_e_0       |     2.301 |
|       U0                    |     2.301 |
+-----------------------------+-----------+


