Copyright 1986-2022 Xilinx, Inc. All Rights Reserved.
-----------------------------------------------------------------------------------------------------------------------------
| Tool Version : Vivado v.2022.2 (win64) Build 3671981 Fri Oct 14 05:00:03 MDT 2022
| Date         : Mon Jan 23 17:21:19 2023
| Host         : Aera running 64-bit major release  (build 9200)
| Command      : report_utilization -file design_1_wrapper_utilization_placed.rpt -pb design_1_wrapper_utilization_placed.pb
| Design       : design_1_wrapper
| Device       : xczu28dr-ffvg1517-2-e
| Speed File   : -2
| Design State : Fully Placed
-----------------------------------------------------------------------------------------------------------------------------

Utilization Design Information

Table of Contents
-----------------
1. CLB Logic
1.1 Summary of Registers by Type
2. CLB Logic Distribution
3. BLOCKRAM
4. ARITHMETIC
5. I/O
6. CLOCK
7. ADVANCED
8. CONFIGURATION
9. Primitives
10. Black Boxes
11. Instantiated Netlists

1. CLB Logic
------------

+----------------------------+-------+-------+------------+-----------+-------+
|          Site Type         |  Used | Fixed | Prohibited | Available | Util% |
+----------------------------+-------+-------+------------+-----------+-------+
| CLB LUTs                   |  9270 |     0 |          0 |    425280 |  2.18 |
|   LUT as Logic             |  8708 |     0 |          0 |    425280 |  2.05 |
|   LUT as Memory            |   562 |     0 |          0 |    213600 |  0.26 |
|     LUT as Distributed RAM |    64 |     0 |            |           |       |
|     LUT as Shift Register  |   498 |     0 |            |           |       |
| CLB Registers              | 10385 |     0 |          0 |    850560 |  1.22 |
|   Register as Flip Flop    | 10385 |     0 |          0 |    850560 |  1.22 |
|   Register as Latch        |     0 |     0 |          0 |    850560 |  0.00 |
| CARRY8                     |    97 |     0 |          0 |     53160 |  0.18 |
| F7 Muxes                   |   156 |     0 |          0 |    212640 |  0.07 |
| F8 Muxes                   |    29 |     0 |          0 |    106320 |  0.03 |
| F9 Muxes                   |     0 |     0 |          0 |     53160 |  0.00 |
+----------------------------+-------+-------+------------+-----------+-------+
* Warning! LUT value is adjusted to account for LUT combining.


1.1 Summary of Registers by Type
--------------------------------

+-------+--------------+-------------+--------------+
| Total | Clock Enable | Synchronous | Asynchronous |
+-------+--------------+-------------+--------------+
| 0     |            _ |           - |            - |
| 0     |            _ |           - |          Set |
| 0     |            _ |           - |        Reset |
| 0     |            _ |         Set |            - |
| 0     |            _ |       Reset |            - |
| 0     |          Yes |           - |            - |
| 74    |          Yes |           - |          Set |
| 259   |          Yes |           - |        Reset |
| 376   |          Yes |         Set |            - |
| 9676  |          Yes |       Reset |            - |
+-------+--------------+-------------+--------------+


2. CLB Logic Distribution
-------------------------

+--------------------------------------------+-------+-------+------------+-----------+-------+
|                  Site Type                 |  Used | Fixed | Prohibited | Available | Util% |
+--------------------------------------------+-------+-------+------------+-----------+-------+
| CLB                                        |  2159 |     0 |          0 |     53160 |  4.06 |
|   CLBL                                     |  1042 |     0 |            |           |       |
|   CLBM                                     |  1117 |     0 |            |           |       |
| LUT as Logic                               |  8708 |     0 |          0 |    425280 |  2.05 |
|   using O5 output only                     |   228 |       |            |           |       |
|   using O6 output only                     |  6486 |       |            |           |       |
|   using O5 and O6                          |  1994 |       |            |           |       |
| LUT as Memory                              |   562 |     0 |          0 |    213600 |  0.26 |
|   LUT as Distributed RAM                   |    64 |     0 |            |           |       |
|     using O5 output only                   |     0 |       |            |           |       |
|     using O6 output only                   |     4 |       |            |           |       |
|     using O5 and O6                        |    60 |       |            |           |       |
|   LUT as Shift Register                    |   498 |     0 |            |           |       |
|     using O5 output only                   |     0 |       |            |           |       |
|     using O6 output only                   |   174 |       |            |           |       |
|     using O5 and O6                        |   324 |       |            |           |       |
| CLB Registers                              | 10385 |     0 |          0 |    850560 |  1.22 |
|   Register driven from within the CLB      |  5275 |       |            |           |       |
|   Register driven from outside the CLB     |  5110 |       |            |           |       |
|     LUT in front of the register is unused |  3388 |       |            |           |       |
|     LUT in front of the register is used   |  1722 |       |            |           |       |
| Unique Control Sets                        |   589 |       |          0 |    106320 |  0.55 |
+--------------------------------------------+-------+-------+------------+-----------+-------+
* * Note: Available Control Sets calculated as Slices * 2, Review the Control Sets Report for more information regarding control sets.


3. BLOCKRAM
-----------

+-------------------+------+-------+------------+-----------+-------+
|     Site Type     | Used | Fixed | Prohibited | Available | Util% |
+-------------------+------+-------+------------+-----------+-------+
| Block RAM Tile    |    8 |     0 |          0 |      1080 |  0.74 |
|   RAMB36/FIFO*    |    8 |     0 |          0 |      1080 |  0.74 |
|     RAMB36E2 only |    8 |       |            |           |       |
|   RAMB18          |    0 |     0 |          0 |      2160 |  0.00 |
| URAM              |    0 |     0 |          0 |        80 |  0.00 |
+-------------------+------+-------+------------+-----------+-------+
* Note: Each Block RAM Tile only has one FIFO logic available and therefore can accommodate only one FIFO36E2 or one FIFO18E2. However, if a FIFO18E2 occupies a Block RAM Tile, that tile can still accommodate a RAMB18E2


4. ARITHMETIC
-------------

+-----------+------+-------+------------+-----------+-------+
| Site Type | Used | Fixed | Prohibited | Available | Util% |
+-----------+------+-------+------------+-----------+-------+
| DSPs      |    0 |     0 |          0 |      4272 |  0.00 |
+-----------+------+-------+------------+-----------+-------+


5. I/O
------

+------------------+------+-------+------------+-----------+--------+
|     Site Type    | Used | Fixed | Prohibited | Available |  Util% |
+------------------+------+-------+------------+-----------+--------+
| Bonded IOB       |    2 |     2 |          0 |       347 |   0.58 |
| HPIOB_M          |    1 |     1 |          0 |       138 |   0.72 |
|   INPUT          |    1 |       |            |           |        |
|   OUTPUT         |    0 |       |            |           |        |
|   BIDIR          |    0 |       |            |           |        |
| HPIOB_S          |    1 |     1 |          0 |       138 |   0.72 |
|   INPUT          |    1 |       |            |           |        |
|   OUTPUT         |    0 |       |            |           |        |
|   BIDIR          |    0 |       |            |           |        |
| HDIOB_M          |    0 |     0 |          0 |        24 |   0.00 |
| HDIOB_S          |    0 |     0 |          0 |        24 |   0.00 |
| HPIOB_SNGL       |    0 |     0 |          0 |        23 |   0.00 |
| HPIOBDIFFINBUF   |    1 |     1 |          0 |       192 |   0.52 |
|   DIFFINBUF      |    1 |     1 |            |           |        |
| HPIOBDIFFOUTBUF  |    0 |     0 |          0 |       192 |   0.00 |
| HDIOBDIFFINBUF   |    0 |     0 |          0 |        72 |   0.00 |
| BITSLICE_CONTROL |    0 |     0 |          0 |        64 |   0.00 |
| BITSLICE_RX_TX   |    0 |     0 |          0 |      2496 |   0.00 |
| BITSLICE_TX      |    0 |     0 |          0 |        64 |   0.00 |
| RIU_OR           |    0 |     0 |          0 |        32 |   0.00 |
| HSADC            |    4 |     4 |          0 |         4 | 100.00 |
| HSDAC            |    2 |     2 |          0 |         4 |  50.00 |
+------------------+------+-------+------------+-----------+--------+


6. CLOCK
--------

+----------------------+------+-------+------------+-----------+-------+
|       Site Type      | Used | Fixed | Prohibited | Available | Util% |
+----------------------+------+-------+------------+-----------+-------+
| GLOBAL CLOCK BUFFERs |    4 |     0 |          0 |       696 |  0.57 |
|   BUFGCE             |    1 |     0 |          0 |       216 |  0.46 |
|   BUFGCE_DIV         |    1 |     0 |          0 |        32 |  3.13 |
|   BUFG_GT            |    1 |     0 |          0 |       312 |  0.32 |
|   BUFG_PS            |    1 |     0 |          0 |        72 |  1.39 |
|   BUFGCTRL*          |    0 |     0 |          0 |        64 |  0.00 |
| PLL                  |    0 |     0 |          0 |        16 |  0.00 |
| MMCM                 |    0 |     0 |          0 |         8 |  0.00 |
+----------------------+------+-------+------------+-----------+-------+
* Note: Each used BUFGCTRL counts as two GLOBAL CLOCK BUFFERs. This table does not include global clocking resources, only buffer cell usage. See the Clock Utilization Report (report_clock_utilization) for detailed accounting of global clocking resource availability.


7. ADVANCED
-----------

+-----------------+------+-------+------------+-----------+--------+
|    Site Type    | Used | Fixed | Prohibited | Available |  Util% |
+-----------------+------+-------+------------+-----------+--------+
| CMACE4          |    0 |     0 |          0 |         2 |   0.00 |
| FE              |    0 |     0 |          0 |         8 |   0.00 |
| GTYE4_CHANNEL   |    0 |     0 |          0 |        16 |   0.00 |
| GTYE4_COMMON    |    0 |     0 |          0 |         4 |   0.00 |
| HSADC           |    4 |     4 |          0 |         4 | 100.00 |
| HSDAC           |    2 |     2 |          0 |         4 |  50.00 |
| ILKNE4          |    0 |     0 |          0 |         1 |   0.00 |
| OBUFDS_GTE4     |    0 |     0 |          0 |         8 |   0.00 |
| OBUFDS_GTE4_ADV |    0 |     0 |          0 |         8 |   0.00 |
| PCIE40E4        |    0 |     0 |          0 |         2 |   0.00 |
| PS8             |    1 |     0 |          0 |         1 | 100.00 |
| SYSMONE4        |    0 |     0 |          0 |         1 |   0.00 |
+-----------------+------+-------+------------+-----------+--------+


8. CONFIGURATION
----------------

+-------------+------+-------+------------+-----------+-------+
|  Site Type  | Used | Fixed | Prohibited | Available | Util% |
+-------------+------+-------+------------+-----------+-------+
| BSCANE2     |    1 |     0 |          0 |         4 | 25.00 |
| DNA_PORTE2  |    0 |     0 |          0 |         1 |  0.00 |
| EFUSE_USR   |    0 |     0 |          0 |         1 |  0.00 |
| FRAME_ECCE4 |    0 |     0 |          0 |         1 |  0.00 |
| ICAPE3      |    0 |     0 |          0 |         2 |  0.00 |
| MASTER_JTAG |    0 |     0 |          0 |         1 |  0.00 |
| STARTUPE3   |    0 |     0 |          0 |         1 |  0.00 |
+-------------+------+-------+------------+-----------+-------+


9. Primitives
-------------

+--------------+------+---------------------+
|   Ref Name   | Used | Functional Category |
+--------------+------+---------------------+
| FDRE         | 9676 |            Register |
| LUT6         | 4529 |                 CLB |
| LUT5         | 1718 |                 CLB |
| LUT3         | 1645 |                 CLB |
| LUT4         | 1569 |                 CLB |
| LUT2         | 1077 |                 CLB |
| SRL16E       |  462 |                 CLB |
| FDSE         |  376 |            Register |
| SRLC32E      |  358 |                 CLB |
| FDCE         |  259 |            Register |
| LUT1         |  164 |                 CLB |
| MUXF7        |  156 |                 CLB |
| RAMD32       |  110 |                 CLB |
| CARRY8       |   97 |                 CLB |
| FDPE         |   74 |            Register |
| MUXF8        |   29 |                 CLB |
| RAMS32       |   14 |                 CLB |
| RAMB36E2     |    8 |            BLOCKRAM |
| HSADC        |    4 |            Advanced |
| SRLC16E      |    2 |                 CLB |
| HSDAC        |    2 |            Advanced |
| PS8          |    1 |            Advanced |
| IBUFCTRL     |    1 |              Others |
| DIFFINBUF    |    1 |                 I/O |
| BUFG_PS      |    1 |               Clock |
| BUFG_GT_SYNC |    1 |               Clock |
| BUFG_GT      |    1 |               Clock |
| BUFGCE_DIV   |    1 |               Clock |
| BUFGCE       |    1 |               Clock |
| BSCANE2      |    1 |       Configuration |
+--------------+------+---------------------+


10. Black Boxes
---------------

+----------+------+
| Ref Name | Used |
+----------+------+


11. Instantiated Netlists
-------------------------

+------------------------------------+------+
|              Ref Name              | Used |
+------------------------------------+------+
| design_1_zynq_ultra_ps_e_0_0       |    1 |
| design_1_xbar_0                    |    1 |
| design_1_vio_0_0                   |    1 |
| design_1_util_ds_buf_1_1           |    1 |
| design_1_util_ds_buf_0_1           |    1 |
| design_1_usp_rf_data_converter_0_0 |    1 |
| design_1_system_ila_0_0            |    1 |
| design_1_proc_sys_reset_0_0        |    1 |
| design_1_dds_compiler_0_0          |    1 |
| design_1_axi_gpio_1_0              |    1 |
| design_1_axi_gpio_0_0              |    1 |
| design_1_auto_pc_1                 |    1 |
| design_1_auto_pc_0                 |    1 |
| design_1_auto_ds_0                 |    1 |
| dbg_hub                            |    1 |
+------------------------------------+------+


