#-----------------------------------------------------------
# Vivado v2022.2 (64-bit)
# SW Build 3671981 on Fri Oct 14 05:00:03 MDT 2022
# IP Build 3669848 on Fri Oct 14 08:30:02 MDT 2022
# Start of session at: Tue Jan 31 09:46:42 2023
# Process ID: 25748
# Current directory: D:/Work/UH/1_FPGA/1_2022/2_ZCU111/3_Code/V10_5
# Command line: vivado.exe -gui_launcher_event rodinguilauncherevent20048 D:\Work\UH\1_FPGA\1_2022\2_ZCU111\3_Code\V10_5\V10_4.xpr
# Log file: D:/Work/UH/1_FPGA/1_2022/2_ZCU111/3_Code/V10_5/vivado.log
# Journal file: D:/Work/UH/1_FPGA/1_2022/2_ZCU111/3_Code/V10_5\vivado.jou
# Running On: Aera, OS: Windows, CPU Frequency: 2904 MHz, CPU Physical cores: 2, Host memory: 16837 MB
#-----------------------------------------------------------
start_gui
open_project D:/Work/UH/1_FPGA/1_2022/2_ZCU111/3_Code/V10_5/V10_4.xpr
WARNING: [Board 49-26] cannot add Board Part xilinx.com:vek280_es:part0:1.0 available at D:/Xilinx/Vivado/2022.2/data/xhub/boards/XilinxBoardStore/boards/Xilinx/vek280/es/1.0/board.xml as part xcve2802-vsvh1760-2lp-e-s-es1 specified in board_part file is either invalid or not available
WARNING: [Board 49-26] cannot add Board Part xilinx.com:vhk158_es:part0:1.0 available at D:/Xilinx/Vivado/2022.2/data/xhub/boards/XilinxBoardStore/boards/Xilinx/vhk158/es/1.0/board.xml as part xcvh1582-vsva3697-2mp-e-s-es1 specified in board_part file is either invalid or not available
WARNING: [Board 49-26] cannot add Board Part xilinx.com:vpk120_es:part0:1.2 available at D:/Xilinx/Vivado/2022.2/data/xhub/boards/XilinxBoardStore/boards/Xilinx/vpk120/es/1.2/board.xml as part xcvp1202-vsva2785-2mp-e-s-es1 specified in board_part file is either invalid or not available
WARNING: [Board 49-26] cannot add Board Part xilinx.com:vpk120_es_revb:part0:1.0 available at D:/Xilinx/Vivado/2022.2/data/xhub/boards/XilinxBoardStore/boards/Xilinx/vpk120_revb/es/1.0/board.xml as part xcvp1202-vsva2785-2mp-e-s-es1 specified in board_part file is either invalid or not available
WARNING: [Board 49-26] cannot add Board Part xilinx.com:vpk180_es:part0:1.0 available at D:/Xilinx/Vivado/2022.2/data/xhub/boards/XilinxBoardStore/boards/Xilinx/vpk180/es/1.0/board.xml as part xcvp1802-lsvc4072-2mp-e-s-es1 specified in board_part file is either invalid or not available
WARNING: [Board 49-26] cannot add Board Part xilinx.com:zcu208ld:part0:2.0 available at D:/Xilinx/Vivado/2022.2/data/xhub/boards/XilinxBoardStore/boards/Xilinx/zcu208ld/production/2.0/board.xml as part xczu58dr-fsvg1517-2-i specified in board_part file is either invalid or not available
WARNING: [Board 49-26] cannot add Board Part xilinx.com:zcu216ld:part0:2.0 available at D:/Xilinx/Vivado/2022.2/data/xhub/boards/XilinxBoardStore/boards/Xilinx/zcu216ld/production/2.0/board.xml as part xczu59dr-ffvf1760-2-i specified in board_part file is either invalid or not available
WARNING: [Board 49-26] cannot add Board Part xilinx.com:zcu670:part0:2.0 available at D:/Xilinx/Vivado/2022.2/data/xhub/boards/XilinxBoardStore/boards/Xilinx/zcu670/2.0/board.xml as part xczu67dr-fsve1156-2-i specified in board_part file is either invalid or not available
WARNING: [Board 49-26] cannot add Board Part xilinx.com:zcu670ld:part0:1.0 available at D:/Xilinx/Vivado/2022.2/data/xhub/boards/XilinxBoardStore/boards/Xilinx/zcu670ld/1.0/board.xml as part xczu57dr-fsve1156-2-i specified in board_part file is either invalid or not available
Scanning sources...
Finished scanning sources
INFO: [IP_Flow 19-234] Refreshing IP repositories
INFO: [IP_Flow 19-1704] No user IP repositories specified
INFO: [IP_Flow 19-2313] Loaded Vivado IP repository 'D:/Xilinx/Vivado/2022.2/data/ip'.
open_project: Time (s): cpu = 00:00:46 ; elapsed = 00:01:58 . Memory (MB): peak = 2198.941 ; gain = 447.855
update_compile_order -fileset sources_1
open_bd_design {D:/Work/UH/1_FPGA/1_2022/2_ZCU111/3_Code/V10_5/V10_4.srcs/sources_1/bd/design_1/design_1.bd}
Reading block design file <D:/Work/UH/1_FPGA/1_2022/2_ZCU111/3_Code/V10_5/V10_4.srcs/sources_1/bd/design_1/design_1.bd>...
Adding component instance block -- xilinx.com:ip:proc_sys_reset:5.0 - proc_sys_reset_0
Adding component instance block -- xilinx.com:ip:dds_compiler:6.0 - dds_compiler_0
Adding component instance block -- xilinx.com:ip:axi_interconnect:2.1 - ps8_0_axi_periph
Adding component instance block -- xilinx.com:ip:axi_crossbar:2.1 - xbar
Adding component instance block -- xilinx.com:ip:axi_protocol_converter:2.1 - auto_pc
Adding component instance block -- xilinx.com:ip:axi_dwidth_converter:2.1 - auto_ds
Adding component instance block -- xilinx.com:ip:axi_protocol_converter:2.1 - auto_pc
Adding component instance block -- xilinx.com:ip:util_ds_buf:2.2 - util_ds_buf_0
Adding component instance block -- xilinx.com:ip:util_ds_buf:2.2 - util_ds_buf_1
Adding component instance block -- xilinx.com:ip:vio:3.0 - vio_0
Adding component instance block -- xilinx.com:ip:xlconstant:1.1 - xlconstant_0
Adding component instance block -- xilinx.com:ip:zynq_ultra_ps_e:3.4 - zynq_ultra_ps_e_0
Adding component instance block -- xilinx.com:ip:axi_gpio:2.0 - axi_gpio_0
Adding component instance block -- xilinx.com:ip:axi_gpio:2.0 - axi_gpio_1
Adding component instance block -- xilinx.com:ip:system_ila:1.1 - system_ila_0
Adding component instance block -- xilinx.com:ip:usp_rf_data_converter:2.6 - usp_rf_data_converter_0
INFO: Ultrascale+ RF Data Converter instance: Clock port 'adc0_clk' frequency is set to 92160000
INFO: Ultrascale+ RF Data Converter instance: Clock port 'adc1_clk' frequency is set to 15625000
INFO: Ultrascale+ RF Data Converter instance: Clock port 'adc2_clk' frequency is set to 15625000
INFO: Ultrascale+ RF Data Converter instance: Clock port 'adc3_clk' frequency is set to 15625000
INFO: Ultrascale+ RF Data Converter instance: Clock port 'dac1_clk' frequency is set to 184320000
Successfully read diagram <design_1> from block design file <D:/Work/UH/1_FPGA/1_2022/2_ZCU111/3_Code/V10_5/V10_4.srcs/sources_1/bd/design_1/design_1.bd>
open_bd_design: Time (s): cpu = 00:00:16 ; elapsed = 00:00:24 . Memory (MB): peak = 2396.672 ; gain = 171.926
INFO: [Vivado 12-8231] Launching Vitis
INFO: [Vivado 12-417] Running vitis
INFO: [Vivado 12-8232] Vitis launch initiated. Please check console for any further messages.
exit
INFO: [Common 17-206] Exiting Vivado at Tue Jan 31 09:56:44 2023...
